
ROM used: 478 (1%)
          478 (1%) including unused fragments

          1 Average locations per line
          14 Average locations per statement

RAM used: 24 (2%) at main() level
          25 (2%) worst case

Stack used: 2 worst case (out of 31 total available)

Lines Stmts  %   Files
----- ----- ---  -----
   60    34 100  gg.c
   27     0   0  gg.h
  354     0   0  ..\..\..\..\Program Files (x86)\PICC\devices\18F452.h
----- -----
  441    34 Total

Page ROM  %  RAM   Vol Diff  Functions:
---- --- --- ---   --- ----  ----------
0     38   4   1             @delay_ms1
0     10   1   0    22  1.2  EXT_isr
0      6   1   0     5  1.0  EXT1_isr
0    266  28   1   797  3.4  MAIN

Program metrics:
    Functions               3
    Statements              34
    Comments                83
    Volume (V)              893
    Difficilty (D)          6.0
    Effort to implement (E) 5387
    Time to implement (T)   5 minutes
    Est Delivered Bugs (B)  0
    Cyclomatic Complexity   2
    Maintainability (MI)    150

 Segment     Used  Free
-----------  ----  ----
00000-00002     4  0  
00004-00006     0  4  
00008-000A0   154  0  
000A2-07FFE   320  32286  



