
ROM used: 1582 (5%)
          1582 (5%) including unused fragments

          3 Average locations per line
          22 Average locations per statement

RAM used: 26 (2%) at main() level
          51 (3%) worst case

Stack used: 3 worst case (out of 31 total available)

Lines Stmts  %   Files
----- ----- ---  -----
   88    73 100  code_c.c
   27     0   0  code_c.h
  354     0   0  ..\..\..\..\..\..\..\..\Program Files (x86)\PICC\devices\18F452.h
----- -----
  469    73 Total

Page ROM  %  RAM   Vol Diff  Functions:
---- --- --- ---   --- ----  ----------
0     14   0   0    17  0.8  open
0     18   1   0   272  2.2  @const70
0     34   1   2             @PSTRINGC_9600_31766_31767
0     14   0   0    17  0.8  incorrect
0     24   1   0   245  2.3  @const74
0    800  25   4  1692  4.9  EXT_isr
0     84   3  14             @MUL3232
0     12   0   0   270  2.3  @const90
0    122   4  13   270  2.3  @DIV3232
0    174   5  12   270  2.3  @PRINTF_L32U_9600_31766_31767
0     34   1   3             @PSTRINGCN_9600_31766_31767
0    106   3   0   270  2.3  MAIN

Program metrics:
    Functions               9
    Statements              73
    Comments                85
    Volume (V)              4822
    Difficilty (D)          21.1
    Effort to implement (E) 101867
    Time to implement (T)   1 hours, 34 minutes
    Est Delivered Bugs (B)  1
    Cyclomatic Complexity   13
    Maintainability (MI)    54

 Segment     Used  Free
-----------  ----  ----
00000-00002     4  0  
00004-00006     0  4  
00008-00094   142  0  
00096-07FFE  1436  31182  



