
ROM used: 298 (1%)
          298 (1%) including unused fragments

          1 Average locations per line
          10 Average locations per statement

RAM used: 5 (0%) at main() level
          6 (0%) worst case

Stack used: 1 worst case (out of 31 total available)

Lines Stmts  %   Files
----- ----- ---  -----
   44    30 100  main.c
   27     0   0  main.h
  354     0   0  ..\..\..\Program Files (x86)\PICC\devices\18F452.h
----- -----
  425    30 Total

Page ROM  %  RAM   Vol Diff  Functions:
---- --- --- ---   --- ----  ----------
0     38   6   1             @delay_ms1
0    256  43   1   705  2.9  main

Program metrics:
    Functions               1
    Statements              30
    Comments                84
    Volume (V)              708
    Difficilty (D)          2.8
    Effort to implement (E) 2014
    Time to implement (T)   2 minutes
    Est Delivered Bugs (B)  0
    Cyclomatic Complexity   2
    Maintainability (MI)    131

 Segment     Used  Free
-----------  ----  ----
00000-00002     4  0  
00004-07FFE   294  32470  



