
ROM used: 696 (2%)
          696 (2%) including unused fragments

          2 Average locations per line
          19 Average locations per statement

RAM used: 27 (2%) at main() level
          31 (2%) worst case

Stack used: 3 worst case (out of 31 total available)

Lines Stmts  %   Files
----- ----- ---  -----
   75    37 100  timer_0.c
   27     0   0  timer_0.h
  354     0   0  ..\..\..\..\..\..\..\..\Program Files (x86)\PICC\devices\18F452.h
----- -----
  456    37 Total

Page ROM  %  RAM   Vol Diff  Functions:
---- --- --- ---   --- ----  ----------
0     34   2   0   141  3.0  TIMER1_isr
0     12   1   0    56  1.6  EXT_isr
0     28   2   0    90  2.8  EXT1_isr
0    242  17   1   502  3.3  MAIN
0     30   2   0             @const77
0     32   2   3             @PSTRINGCN_9600_31766_31767
0     40   3   3             @DIV88
0    108   8   2             @PRINTF_U_9600_31766_31767

Program metrics:
    Functions               4
    Statements              37
    Comments                85
    Volume (V)              1058
    Difficilty (D)          10.5
    Effort to implement (E) 11133
    Time to implement (T)   10 minutes
    Est Delivered Bugs (B)  0
    Cyclomatic Complexity   3
    Maintainability (MI)    144

 Segment     Used  Free
-----------  ----  ----
00000-00002     4  0  
00004-00006     0  4  
00008-000AC   166  0  
000AE-07FFE   526  32068  



